Traceback (most recent call last):
  File "/home/zuzanna/Documents/miniconda3/envs/mgr_test/lib/python3.10/site-packages/jupyter_cache/executors/utils.py", line 58, in single_nb_execution
    executenb(
  File "/home/zuzanna/Documents/miniconda3/envs/mgr_test/lib/python3.10/site-packages/nbclient/client.py", line 1204, in execute
    return NotebookClient(nb=nb, resources=resources, km=km, **kwargs).execute()
  File "/home/zuzanna/Documents/miniconda3/envs/mgr_test/lib/python3.10/site-packages/nbclient/util.py", line 84, in wrapped
    return just_run(coro(*args, **kwargs))
  File "/home/zuzanna/Documents/miniconda3/envs/mgr_test/lib/python3.10/site-packages/nbclient/util.py", line 62, in just_run
    return loop.run_until_complete(coro)
  File "/home/zuzanna/Documents/miniconda3/envs/mgr_test/lib/python3.10/asyncio/base_events.py", line 649, in run_until_complete
    return future.result()
  File "/home/zuzanna/Documents/miniconda3/envs/mgr_test/lib/python3.10/site-packages/nbclient/client.py", line 663, in async_execute
    await self.async_execute_cell(
  File "/home/zuzanna/Documents/miniconda3/envs/mgr_test/lib/python3.10/site-packages/nbclient/client.py", line 965, in async_execute_cell
    await self._check_raise_for_error(cell, cell_index, exec_reply)
  File "/home/zuzanna/Documents/miniconda3/envs/mgr_test/lib/python3.10/site-packages/nbclient/client.py", line 862, in _check_raise_for_error
    raise CellExecutionError.from_cell_and_msg(cell, exec_reply_content)
nbclient.exceptions.CellExecutionError: An error occurred while executing the following cell:
------------------
csys_transformations = CSYS_transformations(
    heel_deg, leeway_deg,
    v_from_original_xyz_2_reference_csys_xyz=reference_level_for_moments)

w = Wind(alpha_true_wind_deg, tws_ref, SOG_yacht, wind_exp_coeff, wind_reference_measurment_height, 
         reference_water_level_for_wind_profile, roughness, wind_profile)
w_profile = w.profile

s = Sail(n_spanwise, n_chordwise, csys_transformations, sheer_above_waterline, rake_deg, boom_above_sheer, 
        mast_LOA, main_sail_luff, main_sail_girths, main_sail_chords, main_sail_centerline_twist_deg, 
        main_sail_camber, main_sail_camber_distance_from_luff, foretriangle_base, foretriangle_height, 
        jib_luff, jib_girths, jib_chords, jib_centerline_twist_deg, jib_sail_camber, 
        jib_sail_camber_distance_from_luff, sails_def, LLT_twist, interpolation_type)
sail_set = s.sail_set
hull = HullGeometry(sheer_above_waterline, foretriangle_base, csys_transformations, center_of_lateral_resistance_upright)
myvlm = Vlm(sail_set.panels, n_chordwise, n_spanwise, rho, w_profile, sail_set.trailing_edge_info, sail_set.leading_edge_info)

inviscid_flow_results = InviscidFlowResults(sail_set, csys_transformations, myvlm)

inviscid_flow_results.estimate_heeling_moment_from_keel(hull.center_of_lateral_resistance)

------------------

[0;31m---------------------------------------------------------------------------[0m
[0;31mTypeError[0m                                 Traceback (most recent call last)
Cell [0;32mIn[3], line 5[0m
[1;32m      1[0m csys_transformations [38;5;241m=[39m CSYS_transformations(
[1;32m      2[0m     heel_deg, leeway_deg,
[1;32m      3[0m     v_from_original_xyz_2_reference_csys_xyz[38;5;241m=[39mreference_level_for_moments)
[0;32m----> 5[0m w [38;5;241m=[39m [43mWind[49m[43m([49m[43malpha_true_wind_deg[49m[43m,[49m[43m [49m[43mtws_ref[49m[43m,[49m[43m [49m[43mSOG_yacht[49m[43m,[49m[43m [49m[43mwind_exp_coeff[49m[43m,[49m[43m [49m[43mwind_reference_measurment_height[49m[43m,[49m[43m [49m
[1;32m      6[0m [43m         [49m[43mreference_water_level_for_wind_profile[49m[43m,[49m[43m [49m[43mroughness[49m[43m,[49m[43m [49m[43mwind_profile[49m[43m)[49m
[1;32m      7[0m w_profile [38;5;241m=[39m w[38;5;241m.[39mprofile
[1;32m      9[0m s [38;5;241m=[39m Sail(n_spanwise, n_chordwise, csys_transformations, sheer_above_waterline, rake_deg, boom_above_sheer, 
[1;32m     10[0m         mast_LOA, main_sail_luff, main_sail_girths, main_sail_chords, main_sail_centerline_twist_deg, 
[1;32m     11[0m         main_sail_camber, main_sail_camber_distance_from_luff, foretriangle_base, foretriangle_height, 
[1;32m     12[0m         jib_luff, jib_girths, jib_chords, jib_centerline_twist_deg, jib_sail_camber, 
[1;32m     13[0m         jib_sail_camber_distance_from_luff, sails_def, LLT_twist, interpolation_type)

[0;31mTypeError[0m: Wind.__init__() takes 2 positional arguments but 9 were given
TypeError: Wind.__init__() takes 2 positional arguments but 9 were given

