\BOOKMARK [-1][-]{part.1}{I\040Description}{}% 1
\BOOKMARK [0][-]{chapter.1}{Theory}{part.1}% 2
\BOOKMARK [1][-]{section.1.1}{Introduction}{chapter.1}% 3
\BOOKMARK [1][-]{section.1.2}{Potential\040flow\040theory}{chapter.1}% 4
\BOOKMARK [0][-]{chapter.2}{Vortex\040Lattice\040method}{part.1}% 5
\BOOKMARK [1][-]{section.2.1}{Vortices}{chapter.2}% 6
\BOOKMARK [2][-]{subsection.2.1.1}{Vortex\040element}{section.2.1}% 7
\BOOKMARK [2][-]{subsection.2.1.2}{Vortex\040segment}{section.2.1}% 8
\BOOKMARK [0][-]{chapter.3}{Technology}{part.1}% 9
\BOOKMARK [-1][-]{part.2}{II\040Getting\040Started}{}% 10
\BOOKMARK [0][-]{chapter.4}{Installation}{part.2}% 11
\BOOKMARK [1][-]{section.4.1}{For\040Users}{chapter.4}% 12
\BOOKMARK [1][-]{section.4.2}{For\040Developers}{chapter.4}% 13
\BOOKMARK [2][-]{subsection.4.2.1}{Create\040package}{section.4.2}% 14
\BOOKMARK [3][-]{subsubsection*.3}{Build\040and\040install}{subsection.4.2.1}% 15
\BOOKMARK [0][-]{chapter.5}{Usage}{part.2}% 16
\BOOKMARK [1][-]{section.5.1}{Run\040from\040command\040line}{chapter.5}% 17
\BOOKMARK [2][-]{subsection.5.1.1}{input\040file}{section.5.1}% 18
\BOOKMARK [2][-]{subsection.5.1.2}{Run\040script}{section.5.1}% 19
\BOOKMARK [2][-]{subsection.5.1.3}{Output}{section.5.1}% 20
\BOOKMARK [1][-]{section.5.2}{Run\040from\040python}{chapter.5}% 21
\BOOKMARK [1][-]{section.5.3}{jupyter\040notebook}{chapter.5}% 22
\BOOKMARK [0][-]{chapter.6}{Examples}{part.2}% 23
\BOOKMARK [1][-]{section.6.1}{Example\0401}{chapter.6}% 24
\BOOKMARK [1][-]{section.6.2}{Example\0402}{chapter.6}% 25
\BOOKMARK [0][-]{chapter.7}{Validation}{part.2}% 26
\BOOKMARK [1][-]{section.7.1}{Flat_plate}{chapter.7}% 27
\BOOKMARK [1][-]{section.7.2}{Sweep}{chapter.7}% 28
\BOOKMARK [0][-]{chapter.8}{Content\040with\040notebooks}{part.2}% 29
\BOOKMARK [0][-]{chapter.9}{bibliography}{part.2}% 30
\BOOKMARK [0][-]{chapter*.4}{Bibliography}{part.2}% 31
